<?xml version="1.0" encoding="UTF-8"?>
<testsuite xmlns:xsi="http://www.w3.org/2001/XMLSchema-instance" xsi:noNamespaceSchemaLocation="https://maven.apache.org/surefire/maven-surefire-plugin/xsd/surefire-test-report.xsd" version="3.0.2" name="Praktikum14Cucumber.RunPraktikum14Test" time="10.051" tests="4" errors="0" skipped="0" failures="0">
  <properties>
[...]
</properties>
  <testcase name="The user is on the main page - Scenario" classname="The user is on the main page" time="3.675"/>
  <testcase name="Search Functionality - Search for products via the main page  search for products via search page - Examples - Example #1.1" classname="Search Functionality - Search for products via the main page  search for products via search page - Examples" time="3.719"/>
  <testcase name="Search Functionality - Search for products via search page - Examples - Example #1.1" classname="Search Functionality - Search for products via search page - Examples" time="3.138"/>
  <testcase name="Search Functionality - Advanced search for products by description - Examples - Example #1.1" classname="Search Functionality - Advanced search for products by description - Examples" time="3.022"/>
</testsuite>